mode: set
gitlab.com/vk-golang/lectures/03_net1/99_hw/coverage/client.go:69.80,73.19 2 1
gitlab.com/vk-golang/lectures/03_net1/99_hw/coverage/client.go:73.19,75.3 1 1
gitlab.com/vk-golang/lectures/03_net1/99_hw/coverage/client.go:76.2,76.20 1 1
gitlab.com/vk-golang/lectures/03_net1/99_hw/coverage/client.go:76.20,78.3 1 1
gitlab.com/vk-golang/lectures/03_net1/99_hw/coverage/client.go:79.2,79.20 1 1
gitlab.com/vk-golang/lectures/03_net1/99_hw/coverage/client.go:79.20,81.3 1 1
gitlab.com/vk-golang/lectures/03_net1/99_hw/coverage/client.go:84.2,96.16 10 1
gitlab.com/vk-golang/lectures/03_net1/99_hw/coverage/client.go:96.16,97.54 1 1
gitlab.com/vk-golang/lectures/03_net1/99_hw/coverage/client.go:97.54,99.4 1 1
gitlab.com/vk-golang/lectures/03_net1/99_hw/coverage/client.go:100.3,100.50 1 1
gitlab.com/vk-golang/lectures/03_net1/99_hw/coverage/client.go:102.2,105.25 3 1
gitlab.com/vk-golang/lectures/03_net1/99_hw/coverage/client.go:106.31,107.44 1 1
gitlab.com/vk-golang/lectures/03_net1/99_hw/coverage/client.go:108.38,109.53 1 1
gitlab.com/vk-golang/lectures/03_net1/99_hw/coverage/client.go:110.29,113.17 3 1
gitlab.com/vk-golang/lectures/03_net1/99_hw/coverage/client.go:113.17,115.4 1 1
gitlab.com/vk-golang/lectures/03_net1/99_hw/coverage/client.go:116.3,116.42 1 1
gitlab.com/vk-golang/lectures/03_net1/99_hw/coverage/client.go:116.42,118.4 1 1
gitlab.com/vk-golang/lectures/03_net1/99_hw/coverage/client.go:119.3,119.73 1 1
gitlab.com/vk-golang/lectures/03_net1/99_hw/coverage/client.go:122.2,124.16 3 1
gitlab.com/vk-golang/lectures/03_net1/99_hw/coverage/client.go:124.16,126.3 1 1
gitlab.com/vk-golang/lectures/03_net1/99_hw/coverage/client.go:128.2,129.28 2 1
gitlab.com/vk-golang/lectures/03_net1/99_hw/coverage/client.go:129.28,132.3 2 1
gitlab.com/vk-golang/lectures/03_net1/99_hw/coverage/client.go:132.8,134.3 1 1
gitlab.com/vk-golang/lectures/03_net1/99_hw/coverage/client.go:136.2,136.21 1 1
gitlab.com/vk-golang/lectures/03_net1/99_hw/coverage/server.go:32.43,34.20 2 1
gitlab.com/vk-golang/lectures/03_net1/99_hw/coverage/server.go:34.20,36.3 1 0
gitlab.com/vk-golang/lectures/03_net1/99_hw/coverage/server.go:37.2,38.21 2 1
gitlab.com/vk-golang/lectures/03_net1/99_hw/coverage/server.go:38.21,40.3 1 0
gitlab.com/vk-golang/lectures/03_net1/99_hw/coverage/server.go:43.66,45.9 1 1
gitlab.com/vk-golang/lectures/03_net1/99_hw/coverage/server.go:46.26,47.19 1 1
gitlab.com/vk-golang/lectures/03_net1/99_hw/coverage/server.go:47.19,48.42 1 1
gitlab.com/vk-golang/lectures/03_net1/99_hw/coverage/server.go:48.42,50.5 1 1
gitlab.com/vk-golang/lectures/03_net1/99_hw/coverage/server.go:52.3,52.20 1 1
gitlab.com/vk-golang/lectures/03_net1/99_hw/coverage/server.go:52.20,53.42 1 1
gitlab.com/vk-golang/lectures/03_net1/99_hw/coverage/server.go:53.42,55.5 1 1
gitlab.com/vk-golang/lectures/03_net1/99_hw/coverage/server.go:58.48,60.19 1 1
gitlab.com/vk-golang/lectures/03_net1/99_hw/coverage/server.go:60.19,61.42 1 1
gitlab.com/vk-golang/lectures/03_net1/99_hw/coverage/server.go:61.42,63.5 1 1
gitlab.com/vk-golang/lectures/03_net1/99_hw/coverage/server.go:65.3,65.20 1 1
gitlab.com/vk-golang/lectures/03_net1/99_hw/coverage/server.go:65.20,66.42 1 1
gitlab.com/vk-golang/lectures/03_net1/99_hw/coverage/server.go:66.42,68.5 1 1
gitlab.com/vk-golang/lectures/03_net1/99_hw/coverage/server.go:71.27,72.19 1 1
gitlab.com/vk-golang/lectures/03_net1/99_hw/coverage/server.go:72.19,73.42 1 1
gitlab.com/vk-golang/lectures/03_net1/99_hw/coverage/server.go:73.42,75.5 1 1
gitlab.com/vk-golang/lectures/03_net1/99_hw/coverage/server.go:77.3,77.20 1 1
gitlab.com/vk-golang/lectures/03_net1/99_hw/coverage/server.go:77.20,78.42 1 1
gitlab.com/vk-golang/lectures/03_net1/99_hw/coverage/server.go:78.42,80.5 1 1
gitlab.com/vk-golang/lectures/03_net1/99_hw/coverage/server.go:83.10,84.14 1 1
gitlab.com/vk-golang/lectures/03_net1/99_hw/coverage/server.go:86.2,86.14 1 1
gitlab.com/vk-golang/lectures/03_net1/99_hw/coverage/server.go:89.59,93.38 2 1
gitlab.com/vk-golang/lectures/03_net1/99_hw/coverage/server.go:93.38,98.3 4 1
gitlab.com/vk-golang/lectures/03_net1/99_hw/coverage/server.go:100.2,106.21 6 1
gitlab.com/vk-golang/lectures/03_net1/99_hw/coverage/server.go:106.21,111.3 4 1
gitlab.com/vk-golang/lectures/03_net1/99_hw/coverage/server.go:112.2,112.22 1 1
gitlab.com/vk-golang/lectures/03_net1/99_hw/coverage/server.go:112.22,117.3 4 1
gitlab.com/vk-golang/lectures/03_net1/99_hw/coverage/server.go:118.2,118.23 1 1
gitlab.com/vk-golang/lectures/03_net1/99_hw/coverage/server.go:118.23,123.3 4 1
gitlab.com/vk-golang/lectures/03_net1/99_hw/coverage/server.go:124.2,124.15 1 1
gitlab.com/vk-golang/lectures/03_net1/99_hw/coverage/server.go:124.15,129.3 4 1
gitlab.com/vk-golang/lectures/03_net1/99_hw/coverage/server.go:130.2,130.16 1 1
gitlab.com/vk-golang/lectures/03_net1/99_hw/coverage/server.go:130.16,135.3 4 1
gitlab.com/vk-golang/lectures/03_net1/99_hw/coverage/server.go:137.2,138.20 2 1
gitlab.com/vk-golang/lectures/03_net1/99_hw/coverage/server.go:138.20,143.3 4 1
gitlab.com/vk-golang/lectures/03_net1/99_hw/coverage/server.go:144.2,146.16 3 1
gitlab.com/vk-golang/lectures/03_net1/99_hw/coverage/server.go:146.16,151.3 4 1
gitlab.com/vk-golang/lectures/03_net1/99_hw/coverage/server.go:153.2,155.35 2 1
gitlab.com/vk-golang/lectures/03_net1/99_hw/coverage/server.go:155.35,157.62 1 1
gitlab.com/vk-golang/lectures/03_net1/99_hw/coverage/server.go:157.62,167.4 1 1
gitlab.com/vk-golang/lectures/03_net1/99_hw/coverage/server.go:171.2,171.42 1 1
gitlab.com/vk-golang/lectures/03_net1/99_hw/coverage/server.go:171.42,176.21 5 1
gitlab.com/vk-golang/lectures/03_net1/99_hw/coverage/server.go:176.21,178.4 1 0
gitlab.com/vk-golang/lectures/03_net1/99_hw/coverage/server.go:179.3,180.17 2 1
gitlab.com/vk-golang/lectures/03_net1/99_hw/coverage/server.go:180.17,182.4 1 0
gitlab.com/vk-golang/lectures/03_net1/99_hw/coverage/server.go:183.3,183.9 1 1
gitlab.com/vk-golang/lectures/03_net1/99_hw/coverage/server.go:187.2,187.35 1 1
gitlab.com/vk-golang/lectures/03_net1/99_hw/coverage/server.go:187.35,189.3 1 1
gitlab.com/vk-golang/lectures/03_net1/99_hw/coverage/server.go:189.8,191.3 1 1
gitlab.com/vk-golang/lectures/03_net1/99_hw/coverage/server.go:193.2,196.20 4 1
gitlab.com/vk-golang/lectures/03_net1/99_hw/coverage/server.go:196.20,198.3 1 0
gitlab.com/vk-golang/lectures/03_net1/99_hw/coverage/server.go:199.2,199.21 1 1
gitlab.com/vk-golang/lectures/03_net1/99_hw/coverage/server.go:199.21,201.3 1 0
